<?xml version="1.0" encoding="UTF-8"?>
<!-- Generated by org.testng.reporters.JUnitReportReporter -->
<testsuite hostname="DESKTOP-6QB5I7N" failures="0" tests="4" name="api.test.UserTest2" time="14.521" errors="0" timestamp="2025-04-03T22:56:11 IST" skipped="0">
  <testcase classname="api.test.UserTest2" name="postTestCreateUser" time="3.214"/>
  <system-out/>
  <testcase classname="api.test.UserTest2" name="getTestUserByName" time="3.115"/>
  <system-out/>
  <testcase classname="api.test.UserTest2" name="putTestUpdateUserByName" time="4.134"/>
  <system-out/>
  <testcase classname="api.test.UserTest2" name="deleteTestUserByName" time="4.058"/>
  <system-out/>
</testsuite> <!-- api.test.UserTest2 -->
